0 info it worked if it ends with ok
1 verbose cli [ 'node', '/usr/local/bin/npm', 'install', 'csv-stringyfier' ]
2 info using npm@1.4.28
3 info using node@v0.10.33
4 warn package.json webapp@0.0.0 No repository field.
5 verbose readDependencies using package.json deps
6 verbose cache add [ 'csv-stringyfier', null ]
7 verbose cache add name=undefined spec="csv-stringyfier" args=["csv-stringyfier",null]
8 verbose parsed url { protocol: null,
8 verbose parsed url   slashes: null,
8 verbose parsed url   auth: null,
8 verbose parsed url   host: null,
8 verbose parsed url   port: null,
8 verbose parsed url   hostname: null,
8 verbose parsed url   hash: null,
8 verbose parsed url   search: null,
8 verbose parsed url   query: null,
8 verbose parsed url   pathname: 'csv-stringyfier',
8 verbose parsed url   path: 'csv-stringyfier',
8 verbose parsed url   href: 'csv-stringyfier' }
9 silly lockFile c111844d-csv-stringyfier csv-stringyfier
10 verbose lock csv-stringyfier /Users/Martin1/.npm/c111844d-csv-stringyfier.lock
11 silly lockFile c111844d-csv-stringyfier csv-stringyfier
12 silly lockFile c111844d-csv-stringyfier csv-stringyfier
13 verbose addNamed [ 'csv-stringyfier', '' ]
14 verbose addNamed [ null, '*' ]
15 silly lockFile f1f655e0-csv-stringyfier csv-stringyfier@
16 verbose lock csv-stringyfier@ /Users/Martin1/.npm/f1f655e0-csv-stringyfier.lock
17 silly addNameRange { name: 'csv-stringyfier', range: '*', hasData: false }
18 verbose request where is /csv-stringyfier
19 verbose request registry https://registry.npmjs.org/
20 verbose request id 2ce351b6b5e2f1b2
21 verbose url raw /csv-stringyfier
22 verbose url resolving [ 'https://registry.npmjs.org/', './csv-stringyfier' ]
23 verbose url resolved https://registry.npmjs.org/csv-stringyfier
24 verbose request where is https://registry.npmjs.org/csv-stringyfier
25 info trying registry request attempt 1 at 22:45:54
26 http GET https://registry.npmjs.org/csv-stringyfier
27 http 404 https://registry.npmjs.org/csv-stringyfier
28 verbose headers { date: 'Sun, 28 Dec 2014 21:45:54 GMT',
28 verbose headers   server: 'CouchDB/1.5.0 (Erlang OTP/R16B03)',
28 verbose headers   'content-type': 'application/json',
28 verbose headers   'cache-control': 'max-age=0',
28 verbose headers   'content-length': '52',
28 verbose headers   'accept-ranges': 'bytes',
28 verbose headers   via: '1.1 varnish',
28 verbose headers   age: '0',
28 verbose headers   'x-served-by': 'cache-fra1242-FRA',
28 verbose headers   'x-cache': 'MISS',
28 verbose headers   'x-cache-hits': '0',
28 verbose headers   'x-timer': 'S1419803154.303995,VS0,VE108',
28 verbose headers   'keep-alive': 'timeout=10, max=50',
28 verbose headers   connection: 'Keep-Alive' }
29 silly registry.get cb [ 404,
29 silly registry.get   { date: 'Sun, 28 Dec 2014 21:45:54 GMT',
29 silly registry.get     server: 'CouchDB/1.5.0 (Erlang OTP/R16B03)',
29 silly registry.get     'content-type': 'application/json',
29 silly registry.get     'cache-control': 'max-age=0',
29 silly registry.get     'content-length': '52',
29 silly registry.get     'accept-ranges': 'bytes',
29 silly registry.get     via: '1.1 varnish',
29 silly registry.get     age: '0',
29 silly registry.get     'x-served-by': 'cache-fra1242-FRA',
29 silly registry.get     'x-cache': 'MISS',
29 silly registry.get     'x-cache-hits': '0',
29 silly registry.get     'x-timer': 'S1419803154.303995,VS0,VE108',
29 silly registry.get     'keep-alive': 'timeout=10, max=50',
29 silly registry.get     connection: 'Keep-Alive' } ]
30 silly lockFile f1f655e0-csv-stringyfier csv-stringyfier@
31 silly lockFile f1f655e0-csv-stringyfier csv-stringyfier@
32 error 404 404 Not Found: csv-stringyfier
32 error 404
32 error 404 'csv-stringyfier' is not in the npm registry.
32 error 404 You should bug the author to publish it
32 error 404 It was specified as a dependency of 'webapp'
32 error 404
32 error 404 Note that you can also install from a
32 error 404 tarball, folder, or http url, or git url.
33 error System Darwin 14.0.0
34 error command "node" "/usr/local/bin/npm" "install" "csv-stringyfier"
35 error cwd /Users/Martin1/Documents/Cours/OA Internet Nouvelles Générations/NodeJS/sacha/LoginJS
36 error node -v v0.10.33
37 error npm -v 1.4.28
38 error code E404
39 verbose exit [ 1, true ]
